<?xml version="1.0" encoding="UTF-8"?>
<testsuite name="com.example.restservices.RestServicesApplicationTests" tests="1" skipped="0" failures="0" errors="0" timestamp="2020-08-16T19:40:43" hostname="anapy-PROX15" time="0.23">
  <properties/>
  <testcase name="contextLoads()" classname="com.example.restservices.RestServicesApplicationTests" time="0.23"/>
  <system-out><![CDATA[21:40:41.815 [Test worker] DEBUG org.springframework.test.context.BootstrapUtils - Instantiating CacheAwareContextLoaderDelegate from class [org.springframework.test.context.cache.DefaultCacheAwareContextLoaderDelegate]
21:40:41.826 [Test worker] DEBUG org.springframework.test.context.BootstrapUtils - Instantiating BootstrapContext using constructor [public org.springframework.test.context.support.DefaultBootstrapContext(java.lang.Class,org.springframework.test.context.CacheAwareContextLoaderDelegate)]
21:40:41.855 [Test worker] DEBUG org.springframework.test.context.BootstrapUtils - Instantiating TestContextBootstrapper for test class [com.example.restservices.RestServicesApplicationTests] from class [org.springframework.boot.test.context.SpringBootTestContextBootstrapper]
21:40:41.868 [Test worker] INFO org.springframework.boot.test.context.SpringBootTestContextBootstrapper - Neither @ContextConfiguration nor @ContextHierarchy found for test class [com.example.restservices.RestServicesApplicationTests], using SpringBootContextLoader
21:40:41.871 [Test worker] DEBUG org.springframework.test.context.support.AbstractContextLoader - Did not detect default resource location for test class [com.example.restservices.RestServicesApplicationTests]: class path resource [com/example/restservices/RestServicesApplicationTests-context.xml] does not exist
21:40:41.872 [Test worker] DEBUG org.springframework.test.context.support.AbstractContextLoader - Did not detect default resource location for test class [com.example.restservices.RestServicesApplicationTests]: class path resource [com/example/restservices/RestServicesApplicationTestsContext.groovy] does not exist
21:40:41.872 [Test worker] INFO org.springframework.test.context.support.AbstractContextLoader - Could not detect default resource locations for test class [com.example.restservices.RestServicesApplicationTests]: no resource found for suffixes {-context.xml, Context.groovy}.
21:40:41.873 [Test worker] INFO org.springframework.test.context.support.AnnotationConfigContextLoaderUtils - Could not detect default configuration classes for test class [com.example.restservices.RestServicesApplicationTests]: RestServicesApplicationTests does not declare any static, non-private, non-final, nested classes annotated with @Configuration.
21:40:41.912 [Test worker] DEBUG org.springframework.test.context.support.ActiveProfilesUtils - Could not find an 'annotation declaring class' for annotation type [org.springframework.test.context.ActiveProfiles] and class [com.example.restservices.RestServicesApplicationTests]
21:40:41.957 [Test worker] DEBUG org.springframework.context.annotation.ClassPathScanningCandidateComponentProvider - Identified candidate component class: file [/home/anapy/Escritorio/API/build/classes/java/main/com/example/restservices/RestServicesApplication.class]
21:40:41.958 [Test worker] INFO org.springframework.boot.test.context.SpringBootTestContextBootstrapper - Found @SpringBootConfiguration com.example.restservices.RestServicesApplication for test class com.example.restservices.RestServicesApplicationTests
21:40:42.029 [Test worker] DEBUG org.springframework.boot.test.context.SpringBootTestContextBootstrapper - @TestExecutionListeners is not present for class [com.example.restservices.RestServicesApplicationTests]: using defaults.
21:40:42.029 [Test worker] INFO org.springframework.boot.test.context.SpringBootTestContextBootstrapper - Loaded default TestExecutionListener class names from location [META-INF/spring.factories]: [org.springframework.boot.test.autoconfigure.restdocs.RestDocsTestExecutionListener, org.springframework.boot.test.autoconfigure.web.client.MockRestServiceServerResetTestExecutionListener, org.springframework.boot.test.autoconfigure.web.servlet.MockMvcPrintOnlyOnFailureTestExecutionListener, org.springframework.boot.test.autoconfigure.web.servlet.WebDriverTestExecutionListener, org.springframework.boot.test.autoconfigure.webservices.client.MockWebServiceServerTestExecutionListener, org.springframework.boot.test.mock.mockito.MockitoTestExecutionListener, org.springframework.boot.test.mock.mockito.ResetMocksTestExecutionListener, org.springframework.test.context.web.ServletTestExecutionListener, org.springframework.test.context.support.DirtiesContextBeforeModesTestExecutionListener, org.springframework.test.context.support.DependencyInjectionTestExecutionListener, org.springframework.test.context.support.DirtiesContextTestExecutionListener, org.springframework.test.context.transaction.TransactionalTestExecutionListener, org.springframework.test.context.jdbc.SqlScriptsTestExecutionListener, org.springframework.test.context.event.EventPublishingTestExecutionListener]
21:40:42.038 [Test worker] DEBUG org.springframework.boot.test.context.SpringBootTestContextBootstrapper - Skipping candidate TestExecutionListener [org.springframework.test.context.transaction.TransactionalTestExecutionListener] due to a missing dependency. Specify custom listener classes or make the default listener classes and their required dependencies available. Offending class: [org/springframework/transaction/interceptor/TransactionAttributeSource]
21:40:42.039 [Test worker] DEBUG org.springframework.boot.test.context.SpringBootTestContextBootstrapper - Skipping candidate TestExecutionListener [org.springframework.test.context.jdbc.SqlScriptsTestExecutionListener] due to a missing dependency. Specify custom listener classes or make the default listener classes and their required dependencies available. Offending class: [org/springframework/transaction/interceptor/TransactionAttribute]
21:40:42.039 [Test worker] INFO org.springframework.boot.test.context.SpringBootTestContextBootstrapper - Using TestExecutionListeners: [org.springframework.test.context.web.ServletTestExecutionListener@1d9ef403, org.springframework.test.context.support.DirtiesContextBeforeModesTestExecutionListener@22cb796b, org.springframework.boot.test.mock.mockito.MockitoTestExecutionListener@175336a8, org.springframework.boot.test.autoconfigure.SpringBootDependencyInjectionTestExecutionListener@cf8fe57, org.springframework.test.context.support.DirtiesContextTestExecutionListener@662c3d27, org.springframework.test.context.event.EventPublishingTestExecutionListener@1fd510a8, org.springframework.boot.test.autoconfigure.restdocs.RestDocsTestExecutionListener@113d938c, org.springframework.boot.test.autoconfigure.web.client.MockRestServiceServerResetTestExecutionListener@5a7ccdba, org.springframework.boot.test.autoconfigure.web.servlet.MockMvcPrintOnlyOnFailureTestExecutionListener@5dbe16d7, org.springframework.boot.test.autoconfigure.web.servlet.WebDriverTestExecutionListener@6ad90d98, org.springframework.boot.test.autoconfigure.webservices.client.MockWebServiceServerTestExecutionListener@170542bc, org.springframework.boot.test.mock.mockito.ResetMocksTestExecutionListener@2b285cfb]
21:40:42.042 [Test worker] DEBUG org.springframework.test.context.support.AbstractDirtiesContextTestExecutionListener - Before test class: context [DefaultTestContext@146b62e1 testClass = RestServicesApplicationTests, testInstance = [null], testMethod = [null], testException = [null], mergedContextConfiguration = [WebMergedContextConfiguration@3dd3a62e testClass = RestServicesApplicationTests, locations = '{}', classes = '{class com.example.restservices.RestServicesApplication}', contextInitializerClasses = '[]', activeProfiles = '{}', propertySourceLocations = '{}', propertySourceProperties = '{org.springframework.boot.test.context.SpringBootTestContextBootstrapper=true}', contextCustomizers = set[org.springframework.boot.test.autoconfigure.properties.PropertyMappingContextCustomizer@0, org.springframework.boot.test.autoconfigure.web.servlet.WebDriverContextCustomizerFactory$Customizer@309e6111, org.springframework.boot.test.context.filter.ExcludeFilterContextCustomizer@3c8881f6, org.springframework.boot.test.json.DuplicateJsonObjectContextCustomizerFactory$DuplicateJsonObjectContextCustomizer@63ab0d37, org.springframework.boot.test.mock.mockito.MockitoContextCustomizer@0, org.springframework.boot.test.web.client.TestRestTemplateContextCustomizer@29bbacd, org.springframework.boot.test.context.SpringBootTestArgs@1], resourceBasePath = 'src/main/webapp', contextLoader = 'org.springframework.boot.test.context.SpringBootContextLoader', parent = [null]], attributes = map['org.springframework.test.context.web.ServletTestExecutionListener.activateListener' -> true]], class annotated with @DirtiesContext [false] with mode [null].
21:40:42.065 [Test worker] DEBUG org.springframework.test.context.support.TestPropertySourceUtils - Adding inlined properties to environment: {spring.jmx.enabled=false, org.springframework.boot.test.context.SpringBootTestContextBootstrapper=true}

  .   ____          _            __ _ _
 /\\ / ___'_ __ _ _(_)_ __  __ _ \ \ \ \
( ( )\___ | '_ | '_| | '_ \/ _` | \ \ \ \
 \\/  ___)| |_)| | | | | || (_| |  ) ) ) )
  '  |____| .__|_| |_|_| |_\__, | / / / /
 =========|_|==============|___/=/_/_/_/
 :: Spring Boot ::        (v2.3.3.RELEASE)

2020-08-16 21:40:42.286  INFO 117021 --- [    Test worker] c.e.r.RestServicesApplicationTests       : Starting RestServicesApplicationTests on anapy-PROX15 with PID 117021 (started by anapy in /home/anapy/Escritorio/API)
2020-08-16 21:40:42.288  INFO 117021 --- [    Test worker] c.e.r.RestServicesApplicationTests       : No active profile set, falling back to default profiles: default
2020-08-16 21:40:43.219  INFO 117021 --- [    Test worker] o.s.s.concurrent.ThreadPoolTaskExecutor  : Initializing ExecutorService 'applicationTaskExecutor'
2020-08-16 21:40:43.452  INFO 117021 --- [    Test worker] c.e.r.RestServicesApplicationTests       : Started RestServicesApplicationTests in 1.379 seconds (JVM running for 2.3)
]]></system-out>
  <system-err><![CDATA[]]></system-err>
</testsuite>
